INFO:werkzeug: * Running on all addresses (0.0.0.0)
   WARNING: This is a development server. Do not use it in a production deployment.
 * Running on http://127.0.0.1:5000
 * Running on http://192.168.122.176:5000 (Press CTRL+C to quit)
INFO:werkzeug: * Restarting with stat
WARNING:werkzeug: * Debugger is active!
INFO:werkzeug: * Debugger PIN: 629-842-919
DEBUG:root:Importing dependencies
DEBUG:rlp.codec:Consider installing rusty-rlp to improve pyrlp performance with a rust based backend
DEBUG:root:Importing dependencies
INFO:werkzeug:192.168.122.176 - - [24/May/2022 20:13:50] "POST /Account/null HTTP/1.1" 200 -
DEBUG:root:Importing dependencies
DEBUG:root:Importing dependencies
DEBUG:urllib3.connectionpool:Starting new HTTPS connection (1): api.binance.com:443
DEBUG:urllib3.connectionpool:https://api.binance.com:443 "GET /api/v3/ticker/price?symbol=BNBUSDT HTTP/1.1" 200 43
INFO:werkzeug:192.168.122.176 - - [24/May/2022 20:13:51] "POST /Transactions/null HTTP/1.1" 200 -
INFO:werkzeug: * Detected change in '/home/common/dev/lib/core/LedgerClient.py', reloading
INFO:werkzeug: * Restarting with stat
WARNING:werkzeug: * Debugger is active!
INFO:werkzeug: * Debugger PIN: 629-842-919
DEBUG:root:Importing dependencies
DEBUG:rlp.codec:Consider installing rusty-rlp to improve pyrlp performance with a rust based backend
DEBUG:root:Importing dependencies
DEBUG:root:[API] attempting transaction null -> 2 (0.3)
DEBUG:root:[API] trying submitted pkey 23456
DEBUG:root:[API] pkey rejected, cancelling transaction
INFO:werkzeug:192.168.122.176 - - [24/May/2022 20:13:59] "POST /Transactions/null HTTP/1.1" 200 -
INFO:werkzeug: * Detected change in '/home/common/dev/lib/core/LedgerClient.py', reloading
INFO:werkzeug: * Restarting with stat
WARNING:werkzeug: * Debugger is active!
INFO:werkzeug: * Debugger PIN: 629-842-919
INFO:werkzeug: * Detected change in '/home/common/dev/lib/api/api_ref.py', reloading
INFO:werkzeug: * Restarting with stat
WARNING:werkzeug: * Debugger is active!
INFO:werkzeug: * Debugger PIN: 629-842-919
INFO:werkzeug: * Running on all addresses (0.0.0.0)
   WARNING: This is a development server. Do not use it in a production deployment.
 * Running on http://127.0.0.1:5000
 * Running on http://192.168.122.176:5000 (Press CTRL+C to quit)
INFO:werkzeug: * Restarting with stat
WARNING:werkzeug: * Debugger is active!
INFO:werkzeug: * Debugger PIN: 629-842-919
DEBUG:root:Importing dependencies
DEBUG:rlp.codec:Consider installing rusty-rlp to improve pyrlp performance with a rust based backend
DEBUG:root:Importing dependencies
INFO:werkzeug:192.168.122.176 - - [24/May/2022 20:14:55] "POST /Account/null HTTP/1.1" 200 -
DEBUG:root:Importing dependencies
DEBUG:root:Importing dependencies
DEBUG:urllib3.connectionpool:Starting new HTTPS connection (1): api.binance.com:443
DEBUG:urllib3.connectionpool:https://api.binance.com:443 "GET /api/v3/ticker/price?symbol=BNBUSDT HTTP/1.1" 200 43
INFO:werkzeug:192.168.122.176 - - [24/May/2022 20:14:56] "POST /Transactions/null HTTP/1.1" 200 -
DEBUG:root:Importing dependencies
DEBUG:root:Importing dependencies
DEBUG:root:[API] attempting transaction null -> 2 (0.3)
DEBUG:root:[API] trying submitted pkey 23456
DEBUG:root:[API] pkey accepted, proceeding
DEBUG:urllib3.connectionpool:Starting new HTTPS connection (1): api.binance.com:443
DEBUG:urllib3.connectionpool:https://api.binance.com:443 "GET /api/v3/ticker/price?symbol=BNBUSDT HTTP/1.1" 200 43
DEBUG:urllib3.connectionpool:Starting new HTTPS connection (1): api.binance.com:443
DEBUG:urllib3.connectionpool:https://api.binance.com:443 "GET /api/v3/ticker/price?symbol=BTCUSDT HTTP/1.1" 200 45
DEBUG:urllib3.connectionpool:Starting new HTTPS connection (1): api.binance.com:443
DEBUG:urllib3.connectionpool:https://api.binance.com:443 "GET /api/v3/ticker/price?symbol=ETHUSDT HTTP/1.1" 200 44
DEBUG:urllib3.connectionpool:Starting new HTTPS connection (1): api.binance.com:443
DEBUG:urllib3.connectionpool:https://api.binance.com:443 "GET /api/v3/ticker/price?symbol=BNBUSDT HTTP/1.1" 200 43
DEBUG:urllib3.connectionpool:Starting new HTTPS connection (1): api.binance.com:443
DEBUG:urllib3.connectionpool:https://api.binance.com:443 "GET /api/v3/ticker/price?symbol=BTCUSDT HTTP/1.1" 200 45
DEBUG:urllib3.connectionpool:Starting new HTTPS connection (1): api.binance.com:443
DEBUG:urllib3.connectionpool:https://api.binance.com:443 "GET /api/v3/ticker/price?symbol=ETHUSDT HTTP/1.1" 200 44
DEBUG:root:Changing balance for 1 to 18.906
DEBUG:root:Change balance succeeded (1 -> 18.906)
DEBUG:root:Changing balance for 2 to 999980.344
DEBUG:root:Change balance succeeded (2 -> 999980.344)
DEBUG:root:[API] transaction successful
INFO:werkzeug:192.168.122.176 - - [24/May/2022 20:14:58] "POST /Transactions/null HTTP/1.1" 200 -
DEBUG:root:Importing dependencies
DEBUG:root:Importing dependencies
INFO:werkzeug:192.168.122.176 - - [24/May/2022 20:16:08] "POST /Account/null HTTP/1.1" 200 -
DEBUG:root:Importing dependencies
DEBUG:root:Importing dependencies
INFO:werkzeug:192.168.122.176 - - [24/May/2022 20:16:34] "POST /Account/null HTTP/1.1" 200 -
DEBUG:root:Importing dependencies
DEBUG:root:Importing dependencies
DEBUG:urllib3.connectionpool:Starting new HTTPS connection (1): api.binance.com:443
DEBUG:urllib3.connectionpool:https://api.binance.com:443 "GET /api/v3/ticker/price?symbol=BNBUSDT HTTP/1.1" 200 43
INFO:werkzeug:192.168.122.176 - - [24/May/2022 20:16:36] "POST /Transactions/null HTTP/1.1" 200 -
DEBUG:root:Importing dependencies
DEBUG:root:Importing dependencies
DEBUG:root:[API] attempting transaction null -> 2 (0.3)
DEBUG:root:[API] trying submitted pkey 23456
DEBUG:root:[API] pkey accepted, proceeding
DEBUG:urllib3.connectionpool:Starting new HTTPS connection (1): api.binance.com:443
DEBUG:urllib3.connectionpool:https://api.binance.com:443 "GET /api/v3/ticker/price?symbol=BNBUSDT HTTP/1.1" 200 43
DEBUG:urllib3.connectionpool:Starting new HTTPS connection (1): api.binance.com:443
DEBUG:urllib3.connectionpool:https://api.binance.com:443 "GET /api/v3/ticker/price?symbol=BTCUSDT HTTP/1.1" 200 45
DEBUG:urllib3.connectionpool:Starting new HTTPS connection (1): api.binance.com:443
DEBUG:urllib3.connectionpool:https://api.binance.com:443 "GET /api/v3/ticker/price?symbol=ETHUSDT HTTP/1.1" 200 44
DEBUG:urllib3.connectionpool:Starting new HTTPS connection (1): api.binance.com:443
DEBUG:urllib3.connectionpool:https://api.binance.com:443 "GET /api/v3/ticker/price?symbol=BNBUSDT HTTP/1.1" 200 43
DEBUG:urllib3.connectionpool:Starting new HTTPS connection (1): api.binance.com:443
DEBUG:urllib3.connectionpool:https://api.binance.com:443 "GET /api/v3/ticker/price?symbol=BTCUSDT HTTP/1.1" 200 45
DEBUG:urllib3.connectionpool:Starting new HTTPS connection (1): api.binance.com:443
DEBUG:urllib3.connectionpool:https://api.binance.com:443 "GET /api/v3/ticker/price?symbol=ETHUSDT HTTP/1.1" 200 44
DEBUG:root:Changing balance for 1 to 18.605999999999998
DEBUG:root:Change balance succeeded (1 -> 18.605999999999998)
DEBUG:root:Changing balance for 2 to 999980.6440000001
DEBUG:root:Change balance succeeded (2 -> 999980.6440000001)
DEBUG:root:[API] transaction successful
INFO:werkzeug:192.168.122.176 - - [24/May/2022 20:16:41] "POST /Transactions/null HTTP/1.1" 200 -
DEBUG:root:Importing dependencies
DEBUG:root:Importing dependencies
INFO:werkzeug:127.0.0.1 - - [24/May/2022 20:17:00] "[35m[1mPOST /Account/User1 HTTP/1.1[0m" 500 -
INFO:werkzeug: * Detected change in '/home/common/dev/lib/api/api_ref.py', reloading
INFO:werkzeug: * Restarting with stat
WARNING:werkzeug: * Debugger is active!
INFO:werkzeug: * Debugger PIN: 629-842-919
DEBUG:root:Importing dependencies
DEBUG:rlp.codec:Consider installing rusty-rlp to improve pyrlp performance with a rust based backend
DEBUG:root:Importing dependencies
INFO:werkzeug:127.0.0.1 - - [24/May/2022 20:18:14] "POST /Account/User1 HTTP/1.1" 200 -
DEBUG:root:Importing dependencies
DEBUG:root:Importing dependencies
DEBUG:root:[API] retrieving * balance for User1
DEBUG:urllib3.connectionpool:Starting new HTTPS connection (1): api.binance.com:443
DEBUG:urllib3.connectionpool:https://api.binance.com:443 "GET /api/v3/ticker/price?symbol=BNBUSDT HTTP/1.1" 200 43
DEBUG:urllib3.connectionpool:Starting new HTTPS connection (1): api.binance.com:443
DEBUG:urllib3.connectionpool:https://api.binance.com:443 "GET /api/v3/ticker/price?symbol=BTCUSDT HTTP/1.1" 200 45
DEBUG:urllib3.connectionpool:Starting new HTTPS connection (1): api.binance.com:443
DEBUG:urllib3.connectionpool:https://api.binance.com:443 "GET /api/v3/ticker/price?symbol=ETHUSDT HTTP/1.1" 200 44
DEBUG:root:[API] found * balance {'bnb': 18.605999999999998, 'btc': 0.177, 'eth': 10.605, 'fiat': 31993.87} for User1
INFO:werkzeug:127.0.0.1 - - [24/May/2022 20:18:15] "POST /Account/User1 HTTP/1.1" 200 -
DEBUG:root:Importing dependencies
DEBUG:root:Importing dependencies
DEBUG:root:[API] attempting to retrieve 0 transactions for user 'User1'
DEBUG:root:[API] pkey omitted
DEBUG:root:[API] request orign is local, proceeding
DEBUG:root:[API] retrieving transactions
INFO:werkzeug:127.0.0.1 - - [24/May/2022 20:18:15] "POST /Transactions/User1 HTTP/1.1" 200 -
DEBUG:root:Importing dependencies
DEBUG:root:Importing dependencies
DEBUG:root:[API] attempting to retrieve 0 transactions for user 'User1'
DEBUG:root:[API] pkey omitted
DEBUG:root:[API] request orign is local, proceeding
DEBUG:root:[API] retrieving transactions
INFO:werkzeug:127.0.0.1 - - [24/May/2022 20:18:15] "POST /Transactions/User1 HTTP/1.1" 200 -
DEBUG:root:Importing dependencies
DEBUG:root:Importing dependencies
INFO:werkzeug:127.0.0.1 - - [24/May/2022 20:18:15] "POST /Transactions/User1 HTTP/1.1" 200 -
DEBUG:root:Importing dependencies
DEBUG:root:Importing dependencies
DEBUG:urllib3.connectionpool:Starting new HTTPS connection (1): api.binance.com:443
DEBUG:urllib3.connectionpool:https://api.binance.com:443 "GET /api/v3/ticker/price?symbol=BNBUSDT HTTP/1.1" 200 43
DEBUG:urllib3.connectionpool:Starting new HTTPS connection (1): api.binance.com:443
DEBUG:urllib3.connectionpool:https://api.binance.com:443 "GET /api/v3/ticker/price?symbol=BTCUSDT HTTP/1.1" 200 45
DEBUG:urllib3.connectionpool:Starting new HTTPS connection (1): api.binance.com:443
DEBUG:urllib3.connectionpool:https://api.binance.com:443 "GET /api/v3/ticker/price?symbol=ETHUSDT HTTP/1.1" 200 44
INFO:werkzeug:127.0.0.1 - - [24/May/2022 20:18:16] "POST /Transactions/User1 HTTP/1.1" 200 -
INFO:werkzeug: * Running on all addresses (0.0.0.0)
   WARNING: This is a development server. Do not use it in a production deployment.
 * Running on http://127.0.0.1:5000
 * Running on http://192.168.122.176:5000 (Press CTRL+C to quit)
INFO:werkzeug: * Restarting with stat
WARNING:werkzeug: * Debugger is active!
INFO:werkzeug: * Debugger PIN: 629-842-919
DEBUG:root:Importing dependencies
DEBUG:rlp.codec:Consider installing rusty-rlp to improve pyrlp performance with a rust based backend
DEBUG:root:Importing dependencies
INFO:werkzeug:127.0.0.1 - - [24/May/2022 20:18:32] "POST /Account/User1 HTTP/1.1" 200 -
DEBUG:root:Importing dependencies
DEBUG:root:Importing dependencies
DEBUG:root:[API] retrieving * balance for User1
DEBUG:urllib3.connectionpool:Starting new HTTPS connection (1): api.binance.com:443
DEBUG:urllib3.connectionpool:https://api.binance.com:443 "GET /api/v3/ticker/price?symbol=BNBUSDT HTTP/1.1" 200 43
DEBUG:urllib3.connectionpool:Starting new HTTPS connection (1): api.binance.com:443
DEBUG:urllib3.connectionpool:https://api.binance.com:443 "GET /api/v3/ticker/price?symbol=BTCUSDT HTTP/1.1" 200 45
DEBUG:urllib3.connectionpool:Starting new HTTPS connection (1): api.binance.com:443
DEBUG:urllib3.connectionpool:https://api.binance.com:443 "GET /api/v3/ticker/price?symbol=ETHUSDT HTTP/1.1" 200 44
DEBUG:root:[API] found * balance {'bnb': 18.605999999999998, 'btc': 0.177, 'eth': 10.605, 'fiat': 31995.63} for User1
INFO:werkzeug:127.0.0.1 - - [24/May/2022 20:18:33] "POST /Account/User1 HTTP/1.1" 200 -
DEBUG:root:Importing dependencies
DEBUG:root:Importing dependencies
DEBUG:root:[API] attempting to retrieve 0 transactions for user 'User1'
DEBUG:root:[API] pkey omitted
DEBUG:root:[API] request orign is local, proceeding
DEBUG:root:[API] retrieving transactions
INFO:werkzeug:127.0.0.1 - - [24/May/2022 20:18:33] "POST /Transactions/User1 HTTP/1.1" 200 -
DEBUG:root:Importing dependencies
DEBUG:root:Importing dependencies
DEBUG:root:[API] attempting to retrieve 0 transactions for user 'User1'
DEBUG:root:[API] pkey omitted
DEBUG:root:[API] request orign is local, proceeding
DEBUG:root:[API] retrieving transactions
INFO:werkzeug:127.0.0.1 - - [24/May/2022 20:18:33] "POST /Transactions/User1 HTTP/1.1" 200 -
DEBUG:root:Importing dependencies
DEBUG:root:Importing dependencies
INFO:werkzeug:127.0.0.1 - - [24/May/2022 20:18:33] "POST /Transactions/User1 HTTP/1.1" 200 -
DEBUG:root:Importing dependencies
DEBUG:root:Importing dependencies
DEBUG:urllib3.connectionpool:Starting new HTTPS connection (1): api.binance.com:443
DEBUG:urllib3.connectionpool:https://api.binance.com:443 "GET /api/v3/ticker/price?symbol=BNBUSDT HTTP/1.1" 200 43
DEBUG:urllib3.connectionpool:Starting new HTTPS connection (1): api.binance.com:443
DEBUG:urllib3.connectionpool:https://api.binance.com:443 "GET /api/v3/ticker/price?symbol=BTCUSDT HTTP/1.1" 200 45
DEBUG:urllib3.connectionpool:Starting new HTTPS connection (1): api.binance.com:443
DEBUG:urllib3.connectionpool:https://api.binance.com:443 "GET /api/v3/ticker/price?symbol=ETHUSDT HTTP/1.1" 200 44
INFO:werkzeug:127.0.0.1 - - [24/May/2022 20:18:33] "POST /Transactions/User1 HTTP/1.1" 200 -
DEBUG:root:Importing dependencies
DEBUG:root:Importing dependencies
INFO:werkzeug:127.0.0.1 - - [24/May/2022 20:18:34] "POST /Account/User1 HTTP/1.1" 200 -
DEBUG:root:Importing dependencies
DEBUG:root:Importing dependencies
DEBUG:root:[API] retrieving * balance for User1
DEBUG:urllib3.connectionpool:Starting new HTTPS connection (1): api.binance.com:443
DEBUG:root:Importing dependencies
DEBUG:root:Importing dependencies
INFO:werkzeug:127.0.0.1 - - [24/May/2022 20:18:34] "POST /Account/User1 HTTP/1.1" 200 -
DEBUG:root:Importing dependencies
DEBUG:root:Importing dependencies
DEBUG:root:[API] retrieving * balance for User1
DEBUG:urllib3.connectionpool:Starting new HTTPS connection (1): api.binance.com:443
DEBUG:urllib3.connectionpool:https://api.binance.com:443 "GET /api/v3/ticker/price?symbol=BNBUSDT HTTP/1.1" 200 43
DEBUG:urllib3.connectionpool:Starting new HTTPS connection (1): api.binance.com:443
DEBUG:urllib3.connectionpool:https://api.binance.com:443 "GET /api/v3/ticker/price?symbol=BNBUSDT HTTP/1.1" 200 43
DEBUG:urllib3.connectionpool:Starting new HTTPS connection (1): api.binance.com:443
DEBUG:urllib3.connectionpool:https://api.binance.com:443 "GET /api/v3/ticker/price?symbol=BTCUSDT HTTP/1.1" 200 45
DEBUG:urllib3.connectionpool:Starting new HTTPS connection (1): api.binance.com:443
DEBUG:urllib3.connectionpool:https://api.binance.com:443 "GET /api/v3/ticker/price?symbol=BTCUSDT HTTP/1.1" 200 45
DEBUG:urllib3.connectionpool:Starting new HTTPS connection (1): api.binance.com:443
DEBUG:urllib3.connectionpool:https://api.binance.com:443 "GET /api/v3/ticker/price?symbol=ETHUSDT HTTP/1.1" 200 44
DEBUG:root:[API] found * balance {'bnb': 18.605999999999998, 'btc': 0.177, 'eth': 10.605, 'fiat': 31995.73} for User1
INFO:werkzeug:127.0.0.1 - - [24/May/2022 20:18:35] "POST /Account/User1 HTTP/1.1" 200 -
DEBUG:root:Importing dependencies
DEBUG:root:Importing dependencies
DEBUG:root:[API] attempting to retrieve 0 transactions for user 'User1'
DEBUG:root:[API] pkey omitted
DEBUG:root:[API] request orign is local, proceeding
DEBUG:root:[API] retrieving transactions
INFO:werkzeug:127.0.0.1 - - [24/May/2022 20:18:35] "POST /Transactions/User1 HTTP/1.1" 200 -
DEBUG:root:Importing dependencies
DEBUG:root:Importing dependencies
DEBUG:root:[API] attempting to retrieve 0 transactions for user 'User1'
DEBUG:root:[API] pkey omitted
DEBUG:root:[API] request orign is local, proceeding
DEBUG:root:[API] retrieving transactions
INFO:werkzeug:127.0.0.1 - - [24/May/2022 20:18:35] "POST /Transactions/User1 HTTP/1.1" 200 -
DEBUG:root:Importing dependencies
DEBUG:root:Importing dependencies
INFO:werkzeug:127.0.0.1 - - [24/May/2022 20:18:35] "POST /Transactions/User1 HTTP/1.1" 200 -
DEBUG:root:Importing dependencies
DEBUG:root:Importing dependencies
DEBUG:urllib3.connectionpool:Starting new HTTPS connection (1): api.binance.com:443
DEBUG:urllib3.connectionpool:https://api.binance.com:443 "GET /api/v3/ticker/price?symbol=ETHUSDT HTTP/1.1" 200 44
DEBUG:root:[API] found * balance {'bnb': 18.605999999999998, 'btc': 0.177, 'eth': 10.605, 'fiat': 31995.73} for User1
INFO:werkzeug:127.0.0.1 - - [24/May/2022 20:18:35] "POST /Account/User1 HTTP/1.1" 200 -
DEBUG:root:Importing dependencies
DEBUG:root:Importing dependencies
DEBUG:root:[API] attempting to retrieve 0 transactions for user 'User1'
DEBUG:root:[API] pkey omitted
DEBUG:root:[API] request orign is local, proceeding
DEBUG:root:[API] retrieving transactions
INFO:werkzeug:127.0.0.1 - - [24/May/2022 20:18:35] "POST /Transactions/User1 HTTP/1.1" 200 -
DEBUG:root:Importing dependencies
DEBUG:root:Importing dependencies
DEBUG:root:[API] attempting to retrieve 0 transactions for user 'User1'
DEBUG:root:[API] pkey omitted
DEBUG:root:[API] request orign is local, proceeding
DEBUG:root:[API] retrieving transactions
INFO:werkzeug:127.0.0.1 - - [24/May/2022 20:18:35] "POST /Transactions/User1 HTTP/1.1" 200 -
DEBUG:root:Importing dependencies
DEBUG:root:Importing dependencies
INFO:werkzeug:127.0.0.1 - - [24/May/2022 20:18:35] "POST /Transactions/User1 HTTP/1.1" 200 -
DEBUG:root:Importing dependencies
DEBUG:root:Importing dependencies
DEBUG:urllib3.connectionpool:Starting new HTTPS connection (1): api.binance.com:443
DEBUG:urllib3.connectionpool:https://api.binance.com:443 "GET /api/v3/ticker/price?symbol=BNBUSDT HTTP/1.1" 200 43
DEBUG:urllib3.connectionpool:Starting new HTTPS connection (1): api.binance.com:443
DEBUG:urllib3.connectionpool:https://api.binance.com:443 "GET /api/v3/ticker/price?symbol=BNBUSDT HTTP/1.1" 200 43
DEBUG:urllib3.connectionpool:Starting new HTTPS connection (1): api.binance.com:443
DEBUG:urllib3.connectionpool:https://api.binance.com:443 "GET /api/v3/ticker/price?symbol=BTCUSDT HTTP/1.1" 200 45
DEBUG:urllib3.connectionpool:Starting new HTTPS connection (1): api.binance.com:443
DEBUG:urllib3.connectionpool:https://api.binance.com:443 "GET /api/v3/ticker/price?symbol=BTCUSDT HTTP/1.1" 200 45
DEBUG:urllib3.connectionpool:Starting new HTTPS connection (1): api.binance.com:443
DEBUG:urllib3.connectionpool:https://api.binance.com:443 "GET /api/v3/ticker/price?symbol=ETHUSDT HTTP/1.1" 200 44
INFO:werkzeug:127.0.0.1 - - [24/May/2022 20:18:36] "POST /Transactions/User1 HTTP/1.1" 200 -
DEBUG:urllib3.connectionpool:https://api.binance.com:443 "GET /api/v3/ticker/price?symbol=ETHUSDT HTTP/1.1" 200 44
INFO:werkzeug:127.0.0.1 - - [24/May/2022 20:18:36] "POST /Transactions/User1 HTTP/1.1" 200 -
DEBUG:root:Importing dependencies
DEBUG:root:Importing dependencies
INFO:werkzeug:127.0.0.1 - - [25/May/2022 04:52:01] "POST /Account/User1 HTTP/1.1" 200 -
DEBUG:root:Importing dependencies
DEBUG:root:Importing dependencies
DEBUG:root:[API] retrieving * balance for User1
DEBUG:urllib3.connectionpool:Starting new HTTPS connection (1): api.binance.com:443
DEBUG:urllib3.connectionpool:https://api.binance.com:443 "GET /api/v3/ticker/price?symbol=BNBUSDT HTTP/1.1" 200 43
DEBUG:urllib3.connectionpool:Starting new HTTPS connection (1): api.binance.com:443
DEBUG:urllib3.connectionpool:https://api.binance.com:443 "GET /api/v3/ticker/price?symbol=BTCUSDT HTTP/1.1" 200 45
DEBUG:urllib3.connectionpool:Starting new HTTPS connection (1): api.binance.com:443
DEBUG:urllib3.connectionpool:https://api.binance.com:443 "GET /api/v3/ticker/price?symbol=ETHUSDT HTTP/1.1" 200 44
DEBUG:root:[API] found * balance {'bnb': 18.605999999999998, 'btc': 0.177, 'eth': 10.605, 'fiat': 32787.68} for User1
INFO:werkzeug:127.0.0.1 - - [25/May/2022 04:52:01] "POST /Account/User1 HTTP/1.1" 200 -
DEBUG:root:Importing dependencies
DEBUG:root:Importing dependencies
DEBUG:root:[API] attempting to retrieve 0 transactions for user 'User1'
DEBUG:root:[API] pkey omitted
DEBUG:root:[API] request orign is local, proceeding
DEBUG:root:[API] retrieving transactions
INFO:werkzeug:127.0.0.1 - - [25/May/2022 04:52:01] "POST /Transactions/User1 HTTP/1.1" 200 -
DEBUG:root:Importing dependencies
DEBUG:root:Importing dependencies
DEBUG:root:[API] attempting to retrieve 0 transactions for user 'User1'
DEBUG:root:[API] pkey omitted
DEBUG:root:[API] request orign is local, proceeding
DEBUG:root:[API] retrieving transactions
INFO:werkzeug:127.0.0.1 - - [25/May/2022 04:52:01] "POST /Transactions/User1 HTTP/1.1" 200 -
DEBUG:root:Importing dependencies
DEBUG:root:Importing dependencies
INFO:werkzeug:127.0.0.1 - - [25/May/2022 04:52:01] "POST /Transactions/User1 HTTP/1.1" 200 -
DEBUG:root:Importing dependencies
DEBUG:root:Importing dependencies
DEBUG:urllib3.connectionpool:Starting new HTTPS connection (1): api.binance.com:443
DEBUG:urllib3.connectionpool:https://api.binance.com:443 "GET /api/v3/ticker/price?symbol=BNBUSDT HTTP/1.1" 200 43
DEBUG:urllib3.connectionpool:Starting new HTTPS connection (1): api.binance.com:443
DEBUG:root:Importing dependencies
DEBUG:root:Importing dependencies
INFO:werkzeug:127.0.0.1 - - [25/May/2022 04:52:02] "POST /Account/User1 HTTP/1.1" 200 -
DEBUG:root:Importing dependencies
DEBUG:root:Importing dependencies
DEBUG:root:[API] retrieving * balance for User1
DEBUG:urllib3.connectionpool:Starting new HTTPS connection (1): api.binance.com:443
DEBUG:urllib3.connectionpool:https://api.binance.com:443 "GET /api/v3/ticker/price?symbol=BTCUSDT HTTP/1.1" 200 45
DEBUG:urllib3.connectionpool:Starting new HTTPS connection (1): api.binance.com:443
DEBUG:urllib3.connectionpool:https://api.binance.com:443 "GET /api/v3/ticker/price?symbol=BNBUSDT HTTP/1.1" 200 43
DEBUG:urllib3.connectionpool:Starting new HTTPS connection (1): api.binance.com:443
DEBUG:urllib3.connectionpool:https://api.binance.com:443 "GET /api/v3/ticker/price?symbol=ETHUSDT HTTP/1.1" 200 44
INFO:werkzeug:127.0.0.1 - - [25/May/2022 04:52:02] "POST /Transactions/User1 HTTP/1.1" 200 -
DEBUG:urllib3.connectionpool:https://api.binance.com:443 "GET /api/v3/ticker/price?symbol=BTCUSDT HTTP/1.1" 200 45
DEBUG:urllib3.connectionpool:Starting new HTTPS connection (1): api.binance.com:443
DEBUG:urllib3.connectionpool:https://api.binance.com:443 "GET /api/v3/ticker/price?symbol=ETHUSDT HTTP/1.1" 200 44
DEBUG:root:[API] found * balance {'bnb': 18.605999999999998, 'btc': 0.177, 'eth': 10.605, 'fiat': 32787.73} for User1
INFO:werkzeug:127.0.0.1 - - [25/May/2022 04:52:02] "POST /Account/User1 HTTP/1.1" 200 -
DEBUG:root:Importing dependencies
DEBUG:root:Importing dependencies
DEBUG:root:[API] attempting to retrieve 0 transactions for user 'User1'
DEBUG:root:[API] pkey omitted
DEBUG:root:[API] request orign is local, proceeding
DEBUG:root:[API] retrieving transactions
INFO:werkzeug:127.0.0.1 - - [25/May/2022 04:52:02] "POST /Transactions/User1 HTTP/1.1" 200 -
DEBUG:root:Importing dependencies
DEBUG:root:Importing dependencies
DEBUG:root:[API] attempting to retrieve 0 transactions for user 'User1'
DEBUG:root:[API] pkey omitted
DEBUG:root:[API] request orign is local, proceeding
DEBUG:root:[API] retrieving transactions
INFO:werkzeug:127.0.0.1 - - [25/May/2022 04:52:02] "POST /Transactions/User1 HTTP/1.1" 200 -
DEBUG:root:Importing dependencies
DEBUG:root:Importing dependencies
INFO:werkzeug:127.0.0.1 - - [25/May/2022 04:52:03] "POST /Transactions/User1 HTTP/1.1" 200 -
DEBUG:root:Importing dependencies
DEBUG:root:Importing dependencies
DEBUG:urllib3.connectionpool:Starting new HTTPS connection (1): api.binance.com:443
DEBUG:urllib3.connectionpool:https://api.binance.com:443 "GET /api/v3/ticker/price?symbol=BNBUSDT HTTP/1.1" 200 43
DEBUG:urllib3.connectionpool:Starting new HTTPS connection (1): api.binance.com:443
DEBUG:urllib3.connectionpool:https://api.binance.com:443 "GET /api/v3/ticker/price?symbol=BTCUSDT HTTP/1.1" 200 45
DEBUG:urllib3.connectionpool:Starting new HTTPS connection (1): api.binance.com:443
DEBUG:urllib3.connectionpool:https://api.binance.com:443 "GET /api/v3/ticker/price?symbol=ETHUSDT HTTP/1.1" 200 44
INFO:werkzeug:127.0.0.1 - - [25/May/2022 04:52:03] "POST /Transactions/User1 HTTP/1.1" 200 -
DEBUG:root:Importing dependencies
DEBUG:root:Importing dependencies
INFO:werkzeug:127.0.0.1 - - [25/May/2022 05:07:33] "POST /Account/User1 HTTP/1.1" 200 -
DEBUG:root:Importing dependencies
DEBUG:root:Importing dependencies
DEBUG:root:[API] retrieving * balance for User1
DEBUG:urllib3.connectionpool:Starting new HTTPS connection (1): api.binance.com:443
DEBUG:urllib3.connectionpool:https://api.binance.com:443 "GET /api/v3/ticker/price?symbol=BNBUSDT HTTP/1.1" 200 43
DEBUG:urllib3.connectionpool:Starting new HTTPS connection (1): api.binance.com:443
DEBUG:urllib3.connectionpool:https://api.binance.com:443 "GET /api/v3/ticker/price?symbol=BTCUSDT HTTP/1.1" 200 45
DEBUG:urllib3.connectionpool:Starting new HTTPS connection (1): api.binance.com:443
DEBUG:urllib3.connectionpool:https://api.binance.com:443 "GET /api/v3/ticker/price?symbol=ETHUSDT HTTP/1.1" 200 44
DEBUG:root:[API] found * balance {'bnb': 18.605999999999998, 'btc': 0.177, 'eth': 10.605, 'fiat': 32802.19} for User1
INFO:werkzeug:127.0.0.1 - - [25/May/2022 05:07:34] "POST /Account/User1 HTTP/1.1" 200 -
DEBUG:root:Importing dependencies
DEBUG:root:Importing dependencies
DEBUG:root:[API] attempting to retrieve 0 transactions for user 'User1'
DEBUG:root:[API] pkey omitted
DEBUG:root:[API] request orign is local, proceeding
DEBUG:root:[API] retrieving transactions
INFO:werkzeug:127.0.0.1 - - [25/May/2022 05:07:34] "POST /Transactions/User1 HTTP/1.1" 200 -
DEBUG:root:Importing dependencies
DEBUG:root:Importing dependencies
DEBUG:root:[API] attempting to retrieve 0 transactions for user 'User1'
DEBUG:root:[API] pkey omitted
DEBUG:root:[API] request orign is local, proceeding
DEBUG:root:[API] retrieving transactions
INFO:werkzeug:127.0.0.1 - - [25/May/2022 05:07:34] "POST /Transactions/User1 HTTP/1.1" 200 -
DEBUG:root:Importing dependencies
DEBUG:root:Importing dependencies
INFO:werkzeug:127.0.0.1 - - [25/May/2022 05:07:34] "POST /Transactions/User1 HTTP/1.1" 200 -
DEBUG:root:Importing dependencies
DEBUG:root:Importing dependencies
DEBUG:urllib3.connectionpool:Starting new HTTPS connection (1): api.binance.com:443
DEBUG:urllib3.connectionpool:https://api.binance.com:443 "GET /api/v3/ticker/price?symbol=BNBUSDT HTTP/1.1" 200 43
DEBUG:urllib3.connectionpool:Starting new HTTPS connection (1): api.binance.com:443
DEBUG:urllib3.connectionpool:https://api.binance.com:443 "GET /api/v3/ticker/price?symbol=BTCUSDT HTTP/1.1" 200 45
DEBUG:urllib3.connectionpool:Starting new HTTPS connection (1): api.binance.com:443
DEBUG:urllib3.connectionpool:https://api.binance.com:443 "GET /api/v3/ticker/price?symbol=ETHUSDT HTTP/1.1" 200 44
INFO:werkzeug:127.0.0.1 - - [25/May/2022 05:07:34] "POST /Transactions/User1 HTTP/1.1" 200 -
INFO:werkzeug:127.0.0.1 - - [25/May/2022 05:07:39] "OPTIONS /Account/User1 HTTP/1.1" 200 -
DEBUG:root:Importing dependencies
DEBUG:root:Importing dependencies
INFO:werkzeug:127.0.0.1 - - [25/May/2022 05:07:39] "[35m[1mPOST /Account/User1 HTTP/1.1[0m" 500 -
DEBUG:root:Importing dependencies
DEBUG:root:Importing dependencies
INFO:werkzeug:127.0.0.1 - - [25/May/2022 05:07:39] "[35m[1mPOST /Account/User1 HTTP/1.1[0m" 500 -
DEBUG:root:Importing dependencies
DEBUG:root:Importing dependencies
INFO:werkzeug:127.0.0.1 - - [25/May/2022 05:07:42] "[35m[1mPOST /Account/User1 HTTP/1.1[0m" 500 -
INFO:werkzeug:127.0.0.1 - - [25/May/2022 05:07:44] "OPTIONS /Account/User1 HTTP/1.1" 200 -
DEBUG:root:Importing dependencies
DEBUG:root:Importing dependencies
INFO:werkzeug:127.0.0.1 - - [25/May/2022 05:07:44] "[35m[1mPOST /Account/User1 HTTP/1.1[0m" 500 -
DEBUG:root:Importing dependencies
DEBUG:root:Importing dependencies
INFO:werkzeug:127.0.0.1 - - [25/May/2022 05:07:45] "[35m[1mPOST /Account/User1 HTTP/1.1[0m" 500 -
DEBUG:root:Importing dependencies
DEBUG:root:Importing dependencies
INFO:werkzeug:127.0.0.1 - - [25/May/2022 05:08:52] "POST /Account/User1 HTTP/1.1" 200 -
DEBUG:root:Importing dependencies
DEBUG:root:Importing dependencies
DEBUG:root:[API] retrieving * balance for User1
DEBUG:urllib3.connectionpool:Starting new HTTPS connection (1): api.binance.com:443
DEBUG:urllib3.connectionpool:https://api.binance.com:443 "GET /api/v3/ticker/price?symbol=BNBUSDT HTTP/1.1" 200 43
DEBUG:urllib3.connectionpool:Starting new HTTPS connection (1): api.binance.com:443
DEBUG:urllib3.connectionpool:https://api.binance.com:443 "GET /api/v3/ticker/price?symbol=BTCUSDT HTTP/1.1" 200 45
DEBUG:urllib3.connectionpool:Starting new HTTPS connection (1): api.binance.com:443
DEBUG:urllib3.connectionpool:https://api.binance.com:443 "GET /api/v3/ticker/price?symbol=ETHUSDT HTTP/1.1" 200 44
DEBUG:root:[API] found * balance {'bnb': 18.605999999999998, 'btc': 0.177, 'eth': 10.605, 'fiat': 32786.87} for User1
INFO:werkzeug:127.0.0.1 - - [25/May/2022 05:08:53] "POST /Account/User1 HTTP/1.1" 200 -
DEBUG:root:Importing dependencies
DEBUG:root:Importing dependencies
DEBUG:root:[API] attempting to retrieve 0 transactions for user 'User1'
DEBUG:root:[API] pkey omitted
DEBUG:root:[API] request orign is local, proceeding
DEBUG:root:[API] retrieving transactions
INFO:werkzeug:127.0.0.1 - - [25/May/2022 05:08:53] "POST /Transactions/User1 HTTP/1.1" 200 -
DEBUG:root:Importing dependencies
DEBUG:root:Importing dependencies
DEBUG:root:[API] attempting to retrieve 0 transactions for user 'User1'
DEBUG:root:[API] pkey omitted
DEBUG:root:[API] request orign is local, proceeding
DEBUG:root:[API] retrieving transactions
INFO:werkzeug:127.0.0.1 - - [25/May/2022 05:08:53] "POST /Transactions/User1 HTTP/1.1" 200 -
DEBUG:root:Importing dependencies
DEBUG:root:Importing dependencies
INFO:werkzeug:127.0.0.1 - - [25/May/2022 05:08:53] "POST /Transactions/User1 HTTP/1.1" 200 -
DEBUG:root:Importing dependencies
DEBUG:root:Importing dependencies
DEBUG:urllib3.connectionpool:Starting new HTTPS connection (1): api.binance.com:443
DEBUG:urllib3.connectionpool:https://api.binance.com:443 "GET /api/v3/ticker/price?symbol=BNBUSDT HTTP/1.1" 200 43
DEBUG:urllib3.connectionpool:Starting new HTTPS connection (1): api.binance.com:443
DEBUG:urllib3.connectionpool:https://api.binance.com:443 "GET /api/v3/ticker/price?symbol=BTCUSDT HTTP/1.1" 200 45
DEBUG:urllib3.connectionpool:Starting new HTTPS connection (1): api.binance.com:443
DEBUG:urllib3.connectionpool:https://api.binance.com:443 "GET /api/v3/ticker/price?symbol=ETHUSDT HTTP/1.1" 200 44
INFO:werkzeug:127.0.0.1 - - [25/May/2022 05:08:54] "POST /Transactions/User1 HTTP/1.1" 200 -
DEBUG:root:Importing dependencies
DEBUG:root:Importing dependencies
INFO:werkzeug:127.0.0.1 - - [25/May/2022 05:09:33] "POST /Account/User1 HTTP/1.1" 200 -
DEBUG:root:Importing dependencies
DEBUG:root:Importing dependencies
DEBUG:root:[API] retrieving * balance for User1
DEBUG:urllib3.connectionpool:Starting new HTTPS connection (1): api.binance.com:443
DEBUG:urllib3.connectionpool:https://api.binance.com:443 "GET /api/v3/ticker/price?symbol=BNBUSDT HTTP/1.1" 200 43
DEBUG:urllib3.connectionpool:Starting new HTTPS connection (1): api.binance.com:443
DEBUG:urllib3.connectionpool:https://api.binance.com:443 "GET /api/v3/ticker/price?symbol=BTCUSDT HTTP/1.1" 200 45
DEBUG:urllib3.connectionpool:Starting new HTTPS connection (1): api.binance.com:443
DEBUG:urllib3.connectionpool:https://api.binance.com:443 "GET /api/v3/ticker/price?symbol=ETHUSDT HTTP/1.1" 200 44
DEBUG:root:[API] found * balance {'bnb': 18.605999999999998, 'btc': 0.177, 'eth': 10.605, 'fiat': 32788.68} for User1
INFO:werkzeug:127.0.0.1 - - [25/May/2022 05:09:34] "POST /Account/User1 HTTP/1.1" 200 -
DEBUG:root:Importing dependencies
DEBUG:root:Importing dependencies
DEBUG:root:[API] attempting to retrieve 0 transactions for user 'User1'
DEBUG:root:[API] pkey omitted
DEBUG:root:[API] request orign is local, proceeding
DEBUG:root:[API] retrieving transactions
INFO:werkzeug:127.0.0.1 - - [25/May/2022 05:09:34] "POST /Transactions/User1 HTTP/1.1" 200 -
DEBUG:root:Importing dependencies
DEBUG:root:Importing dependencies
DEBUG:root:[API] attempting to retrieve 0 transactions for user 'User1'
DEBUG:root:[API] pkey omitted
DEBUG:root:[API] request orign is local, proceeding
DEBUG:root:[API] retrieving transactions
INFO:werkzeug:127.0.0.1 - - [25/May/2022 05:09:34] "POST /Transactions/User1 HTTP/1.1" 200 -
DEBUG:root:Importing dependencies
DEBUG:root:Importing dependencies
INFO:werkzeug:127.0.0.1 - - [25/May/2022 05:09:34] "POST /Transactions/User1 HTTP/1.1" 200 -
DEBUG:root:Importing dependencies
DEBUG:root:Importing dependencies
DEBUG:urllib3.connectionpool:Starting new HTTPS connection (1): api.binance.com:443
DEBUG:urllib3.connectionpool:https://api.binance.com:443 "GET /api/v3/ticker/price?symbol=BNBUSDT HTTP/1.1" 200 43
DEBUG:urllib3.connectionpool:Starting new HTTPS connection (1): api.binance.com:443
DEBUG:urllib3.connectionpool:https://api.binance.com:443 "GET /api/v3/ticker/price?symbol=BTCUSDT HTTP/1.1" 200 45
DEBUG:urllib3.connectionpool:Starting new HTTPS connection (1): api.binance.com:443
DEBUG:urllib3.connectionpool:https://api.binance.com:443 "GET /api/v3/ticker/price?symbol=ETHUSDT HTTP/1.1" 200 44
INFO:werkzeug:127.0.0.1 - - [25/May/2022 05:09:34] "POST /Transactions/User1 HTTP/1.1" 200 -
DEBUG:root:Importing dependencies
DEBUG:root:Importing dependencies
INFO:werkzeug:192.168.122.176 - - [25/May/2022 06:25:51] "[35m[1mPOST /Account/2 HTTP/1.1[0m" 500 -
DEBUG:root:Importing dependencies
DEBUG:root:Importing dependencies
INFO:werkzeug:192.168.122.176 - - [25/May/2022 06:26:47] "[35m[1mPOST /Account/2 HTTP/1.1[0m" 500 -
DEBUG:root:Importing dependencies
DEBUG:root:Importing dependencies
INFO:werkzeug:192.168.122.176 - - [25/May/2022 06:28:02] "[35m[1mPOST /Account/2 HTTP/1.1[0m" 500 -
DEBUG:root:Importing dependencies
DEBUG:root:Importing dependencies
INFO:werkzeug:127.0.0.1 - - [25/May/2022 06:28:14] "POST /Account/User1 HTTP/1.1" 200 -
DEBUG:root:Importing dependencies
DEBUG:root:Importing dependencies
DEBUG:root:[API] retrieving * balance for User1
DEBUG:urllib3.connectionpool:Starting new HTTPS connection (1): api.binance.com:443
DEBUG:urllib3.connectionpool:https://api.binance.com:443 "GET /api/v3/ticker/price?symbol=BNBUSDT HTTP/1.1" 200 43
DEBUG:urllib3.connectionpool:Starting new HTTPS connection (1): api.binance.com:443
DEBUG:urllib3.connectionpool:https://api.binance.com:443 "GET /api/v3/ticker/price?symbol=BTCUSDT HTTP/1.1" 200 45
DEBUG:urllib3.connectionpool:Starting new HTTPS connection (1): api.binance.com:443
DEBUG:urllib3.connectionpool:https://api.binance.com:443 "GET /api/v3/ticker/price?symbol=ETHUSDT HTTP/1.1" 200 44
DEBUG:root:[API] found * balance {'bnb': 18.605999999999998, 'btc': 0.177, 'eth': 10.605, 'fiat': 32349.07} for User1
INFO:werkzeug:127.0.0.1 - - [25/May/2022 06:28:15] "POST /Account/User1 HTTP/1.1" 200 -
DEBUG:root:Importing dependencies
DEBUG:root:Importing dependencies
DEBUG:root:[API] attempting to retrieve 0 transactions for user 'User1'
DEBUG:root:[API] pkey omitted
DEBUG:root:[API] request orign is local, proceeding
DEBUG:root:[API] retrieving transactions
INFO:werkzeug:127.0.0.1 - - [25/May/2022 06:28:15] "POST /Transactions/User1 HTTP/1.1" 200 -
DEBUG:root:Importing dependencies
DEBUG:root:Importing dependencies
DEBUG:root:[API] attempting to retrieve 0 transactions for user 'User1'
DEBUG:root:[API] pkey omitted
DEBUG:root:[API] request orign is local, proceeding
DEBUG:root:[API] retrieving transactions
INFO:werkzeug:127.0.0.1 - - [25/May/2022 06:28:15] "POST /Transactions/User1 HTTP/1.1" 200 -
DEBUG:root:Importing dependencies
DEBUG:root:Importing dependencies
INFO:werkzeug:127.0.0.1 - - [25/May/2022 06:28:15] "POST /Transactions/User1 HTTP/1.1" 200 -
DEBUG:root:Importing dependencies
DEBUG:root:Importing dependencies
DEBUG:urllib3.connectionpool:Starting new HTTPS connection (1): api.binance.com:443
DEBUG:urllib3.connectionpool:https://api.binance.com:443 "GET /api/v3/ticker/price?symbol=BNBUSDT HTTP/1.1" 200 43
DEBUG:urllib3.connectionpool:Starting new HTTPS connection (1): api.binance.com:443
DEBUG:urllib3.connectionpool:https://api.binance.com:443 "GET /api/v3/ticker/price?symbol=BTCUSDT HTTP/1.1" 200 45
DEBUG:urllib3.connectionpool:Starting new HTTPS connection (1): api.binance.com:443
DEBUG:urllib3.connectionpool:https://api.binance.com:443 "GET /api/v3/ticker/price?symbol=ETHUSDT HTTP/1.1" 200 44
INFO:werkzeug:127.0.0.1 - - [25/May/2022 06:28:15] "POST /Transactions/User1 HTTP/1.1" 200 -
DEBUG:root:Importing dependencies
DEBUG:root:Importing dependencies
INFO:werkzeug:192.168.122.176 - - [25/May/2022 06:29:39] "POST /Account/2 HTTP/1.1" 200 -
DEBUG:root:Importing dependencies
DEBUG:root:Importing dependencies
INFO:werkzeug:192.168.122.176 - - [25/May/2022 06:30:34] "POST /Account/2 HTTP/1.1" 200 -
DEBUG:root:Importing dependencies
DEBUG:root:Importing dependencies
INFO:werkzeug:192.168.122.176 - - [25/May/2022 06:30:39] "POST /Account/2 HTTP/1.1" 200 -
DEBUG:root:Importing dependencies
DEBUG:root:Importing dependencies
INFO:werkzeug:192.168.122.176 - - [25/May/2022 06:39:02] "POST /Account/2 HTTP/1.1" 200 -
DEBUG:root:Importing dependencies
DEBUG:root:Importing dependencies
INFO:werkzeug:192.168.122.176 - - [25/May/2022 06:39:04] "POST /Account/2 HTTP/1.1" 200 -
DEBUG:root:Importing dependencies
DEBUG:root:Importing dependencies
INFO:werkzeug:192.168.122.176 - - [25/May/2022 06:39:14] "POST /Account/2 HTTP/1.1" 200 -
DEBUG:root:Importing dependencies
DEBUG:root:Importing dependencies
INFO:werkzeug:192.168.122.176 - - [25/May/2022 06:40:00] "POST /Account/2 HTTP/1.1" 200 -
DEBUG:root:Importing dependencies
DEBUG:root:Importing dependencies
INFO:werkzeug:192.168.122.176 - - [25/May/2022 06:40:04] "POST /Account/2 HTTP/1.1" 200 -
DEBUG:root:Importing dependencies
DEBUG:root:Importing dependencies
INFO:werkzeug:192.168.122.176 - - [25/May/2022 06:40:14] "POST /Account/2 HTTP/1.1" 200 -
DEBUG:root:Importing dependencies
DEBUG:root:Importing dependencies
INFO:werkzeug:192.168.122.176 - - [25/May/2022 06:40:19] "POST /Account/2 HTTP/1.1" 200 -
DEBUG:root:Importing dependencies
DEBUG:root:Importing dependencies
INFO:werkzeug:192.168.122.176 - - [25/May/2022 06:41:34] "POST /Account/2 HTTP/1.1" 200 -
DEBUG:root:Importing dependencies
DEBUG:root:Importing dependencies
INFO:werkzeug:192.168.122.176 - - [25/May/2022 06:45:15] "POST /Account/2 HTTP/1.1" 200 -
DEBUG:root:Importing dependencies
DEBUG:root:Importing dependencies
INFO:werkzeug:192.168.122.176 - - [25/May/2022 06:50:53] "POST /Account/2 HTTP/1.1" 200 -
DEBUG:root:Importing dependencies
DEBUG:root:Importing dependencies
INFO:werkzeug:192.168.122.176 - - [25/May/2022 06:52:33] "POST /Account/2 HTTP/1.1" 200 -
DEBUG:root:Importing dependencies
DEBUG:root:Importing dependencies
INFO:werkzeug:192.168.122.176 - - [25/May/2022 06:52:41] "POST /Account/2 HTTP/1.1" 200 -
DEBUG:root:Importing dependencies
DEBUG:root:Importing dependencies
INFO:werkzeug:192.168.122.176 - - [25/May/2022 06:52:57] "POST /Account/2 HTTP/1.1" 200 -
DEBUG:root:Importing dependencies
DEBUG:root:Importing dependencies
INFO:werkzeug:192.168.122.176 - - [25/May/2022 06:53:06] "POST /Account/2 HTTP/1.1" 200 -
DEBUG:root:Importing dependencies
DEBUG:root:Importing dependencies
INFO:werkzeug:127.0.0.1 - - [25/May/2022 06:57:53] "[35m[1mPOST /Account/test HTTP/1.1[0m" 500 -
DEBUG:root:Importing dependencies
DEBUG:root:Importing dependencies
INFO:werkzeug:127.0.0.1 - - [25/May/2022 06:58:00] "POST /Account/User1 HTTP/1.1" 200 -
DEBUG:root:Importing dependencies
DEBUG:root:Importing dependencies
DEBUG:root:[API] retrieving * balance for User1
DEBUG:urllib3.connectionpool:Starting new HTTPS connection (1): api.binance.com:443
DEBUG:urllib3.connectionpool:https://api.binance.com:443 "GET /api/v3/ticker/price?symbol=BNBUSDT HTTP/1.1" 200 43
DEBUG:urllib3.connectionpool:Starting new HTTPS connection (1): api.binance.com:443
DEBUG:urllib3.connectionpool:https://api.binance.com:443 "GET /api/v3/ticker/price?symbol=BTCUSDT HTTP/1.1" 200 45
DEBUG:urllib3.connectionpool:Starting new HTTPS connection (1): api.binance.com:443
DEBUG:urllib3.connectionpool:https://api.binance.com:443 "GET /api/v3/ticker/price?symbol=ETHUSDT HTTP/1.1" 200 44
DEBUG:root:[API] found * balance {'bnb': 18.605999999999998, 'btc': 0.177, 'eth': 10.605, 'fiat': 32471.1} for User1
INFO:werkzeug:127.0.0.1 - - [25/May/2022 06:58:01] "POST /Account/User1 HTTP/1.1" 200 -
DEBUG:root:Importing dependencies
DEBUG:root:Importing dependencies
DEBUG:root:[API] attempting to retrieve 0 transactions for user 'User1'
DEBUG:root:[API] pkey omitted
DEBUG:root:[API] request orign is local, proceeding
DEBUG:root:[API] retrieving transactions
INFO:werkzeug:127.0.0.1 - - [25/May/2022 06:58:01] "POST /Transactions/User1 HTTP/1.1" 200 -
DEBUG:root:Importing dependencies
DEBUG:root:Importing dependencies
DEBUG:root:[API] attempting to retrieve 0 transactions for user 'User1'
DEBUG:root:[API] pkey omitted
DEBUG:root:[API] request orign is local, proceeding
DEBUG:root:[API] retrieving transactions
INFO:werkzeug:127.0.0.1 - - [25/May/2022 06:58:01] "POST /Transactions/User1 HTTP/1.1" 200 -
DEBUG:root:Importing dependencies
DEBUG:root:Importing dependencies
INFO:werkzeug:127.0.0.1 - - [25/May/2022 06:58:01] "POST /Transactions/User1 HTTP/1.1" 200 -
DEBUG:root:Importing dependencies
DEBUG:root:Importing dependencies
DEBUG:urllib3.connectionpool:Starting new HTTPS connection (1): api.binance.com:443
DEBUG:urllib3.connectionpool:https://api.binance.com:443 "GET /api/v3/ticker/price?symbol=BNBUSDT HTTP/1.1" 200 43
DEBUG:urllib3.connectionpool:Starting new HTTPS connection (1): api.binance.com:443
DEBUG:urllib3.connectionpool:https://api.binance.com:443 "GET /api/v3/ticker/price?symbol=BTCUSDT HTTP/1.1" 200 45
DEBUG:urllib3.connectionpool:Starting new HTTPS connection (1): api.binance.com:443
DEBUG:urllib3.connectionpool:https://api.binance.com:443 "GET /api/v3/ticker/price?symbol=ETHUSDT HTTP/1.1" 200 44
INFO:werkzeug:127.0.0.1 - - [25/May/2022 06:58:01] "POST /Transactions/User1 HTTP/1.1" 200 -
INFO:werkzeug: * Detected change in '/home/common/dev/frontend/zephyr/zephyr/urls.py', reloading
INFO:werkzeug: * Restarting with stat
INFO:werkzeug: * Running on all addresses (0.0.0.0)
   WARNING: This is a development server. Do not use it in a production deployment.
 * Running on http://127.0.0.1:5000
 * Running on http://192.168.122.176:5000 (Press CTRL+C to quit)
INFO:werkzeug: * Restarting with stat
WARNING:werkzeug: * Debugger is active!
INFO:werkzeug: * Debugger PIN: 629-842-919
DEBUG:root:Importing dependencies
DEBUG:rlp.codec:Consider installing rusty-rlp to improve pyrlp performance with a rust based backend
DEBUG:root:Importing dependencies
INFO:werkzeug:192.168.122.176 - - [25/May/2022 07:11:07] "[35m[1mPOST /Account/2 HTTP/1.1[0m" 500 -
INFO:werkzeug: * Detected change in '/home/common/dev/lib/api/api_ref.py', reloading
INFO:werkzeug: * Restarting with stat
WARNING:werkzeug: * Debugger is active!
INFO:werkzeug: * Debugger PIN: 629-842-919
DEBUG:root:Importing dependencies
DEBUG:rlp.codec:Consider installing rusty-rlp to improve pyrlp performance with a rust based backend
DEBUG:root:Importing dependencies
INFO:werkzeug:192.168.122.176 - - [25/May/2022 07:13:37] "[35m[1mPOST /Account/2 HTTP/1.1[0m" 500 -
INFO:werkzeug: * Detected change in '/home/common/dev/lib/api/api_ref.py', reloading
INFO:werkzeug: * Restarting with stat
WARNING:werkzeug: * Debugger is active!
INFO:werkzeug: * Debugger PIN: 629-842-919
DEBUG:root:Importing dependencies
DEBUG:rlp.codec:Consider installing rusty-rlp to improve pyrlp performance with a rust based backend
DEBUG:root:Importing dependencies
INFO:werkzeug:192.168.122.176 - - [25/May/2022 07:14:14] "POST /Account/2 HTTP/1.1" 200 -
